============================= test session starts =============================
platform win32 -- Python 3.11.9, pytest-9.0.2, pluggy-1.6.0 -- C:\Users\bahat\AppData\Local\Programs\Python\Python311\python.exe
cachedir: .pytest_cache
rootdir: G:\Di­er bilgisayarlar\Diz³st³ Bilgisayar²m\github repolar²m\teknofest_elektronik_harp
plugins: anyio-4.12.1, langsmith-0.6.8
collecting ... collected 28 items

tests/test_aegis.py::TestSpectrumAnalyzer::test_fft_output_shape PASSED  [  3%]
tests/test_aegis.py::TestSpectrumAnalyzer::test_peak_detection PASSED    [  7%]
tests/test_aegis.py::TestParameterExtractor::test_pri_extraction PASSED  [ 10%]
tests/test_aegis.py::TestDirectionFinder::test_north_bearing PASSED      [ 14%]
tests/test_aegis.py::TestDirectionFinder::test_east_bearing PASSED       [ 17%]
tests/test_aegis.py::TestDirectionFinder::test_phase_doa PASSED          [ 21%]
tests/test_aegis.py::TestKalmanFilter::test_tracking_convergence PASSED  [ 25%]
tests/test_aegis.py::TestSignalGenerator::test_chirp_generation PASSED   [ 28%]
tests/test_aegis.py::TestSignalGenerator::test_bpsk_generation PASSED    [ 32%]
tests/test_aegis.py::TestSignalGenerator::test_qpsk_generation PASSED    [ 35%]
tests/test_aegis.py::TestSignalGenerator::test_pulsed_generation PASSED  [ 39%]
tests/test_aegis.py::TestLPIDetector::test_chirp_detected PASSED         [ 42%]
tests/test_aegis.py::TestLPIDetector::test_noise_not_detected PASSED     [ 46%]
tests/test_aegis.py::TestLPIDetector::test_svd_detection PASSED          [ 50%]
tests/test_aegis.py::TestJammers::test_noise_jammer PASSED               [ 53%]
tests/test_aegis.py::TestJammers::test_spoofing_jammer PASSED            [ 57%]
tests/test_aegis.py::TestJammers::test_fh_jammer PASSED                  [ 60%]
tests/test_aegis.py::TestSignalClassifier::test_classify_noise PASSED    [ 64%]
tests/test_aegis.py::TestSignalClassifier::test_classify_cw PASSED       [ 67%]
tests/test_aegis.py::TestSignalClassifier::test_classify_pulsed_radar PASSED [ 71%]
tests/test_aegis.py::TestAutonomyManager::test_strategy_selection PASSED [ 75%]
tests/test_aegis.py::TestAutonomyManager::test_lpi_priority_strategy FAILED [ 78%]
tests/test_aegis.py::TestAutonomyManager::test_risk_assessment PASSED    [ 82%]
tests/test_aegis.py::TestScenarioManager::test_pulse_stream PASSED       [ 85%]
tests/test_aegis.py::TestScenarioManager::test_fhss_signal PASSED        [ 89%]
tests/test_aegis.py::TestScenarioManager::test_scenario_lookup PASSED    [ 92%]
tests/test_aegis.py::TestFHSSJammer::test_hop_learning PASSED            [ 96%]
tests/test_aegis.py::TestFHSSJammer::test_hop_prediction PASSED          [100%]

================================== FAILURES ===================================
_______________ TestAutonomyManager.test_lpi_priority_strategy ________________

self = <tests.test_aegis.TestAutonomyManager object at 0x000002AF62FDE810>

    def test_lpi_priority_strategy(self):
        clf = SignalClassifier()
        lpi = LPIDetector(SR)
        mgr = AutonomyManager(clf, lpi, {})
        gen = SignalGenerator(SR)
        _, sig = gen.generate_chirp(100e3, 200e3, 0.01)
        freqs, mags = np.zeros(100), np.zeros(100)
>       strategy = mgr.process_detection(freqs, mags, raw_signal=sig)
                   ^^^^^^^^^^^^^^^^^^^^^^^^^^^^^^^^^^^^^^^^^^^^^^^^^^

tests\test_aegis.py:203: 
_ _ _ _ _ _ _ _ _ _ _ _ _ _ _ _ _ _ _ _ _ _ _ _ _ _ _ _ _ _ _ _ _ _ _ _ _ _ _ _

self = <ai_engine.autonomy_manager.AutonomyManager object at 0x000002AF62FEF7D0>
freqs = array([0., 0., 0., 0., 0., 0., 0., 0., 0., 0., 0., 0., 0., 0., 0., 0., 0.,
       0., 0., 0., 0., 0., 0., 0., 0., 0., ...0., 0., 0., 0., 0., 0., 0., 0., 0., 0., 0., 0., 0.,
       0., 0., 0., 0., 0., 0., 0., 0., 0., 0., 0., 0., 0., 0., 0.])
magnitudes = array([0., 0., 0., 0., 0., 0., 0., 0., 0., 0., 0., 0., 0., 0., 0., 0., 0.,
       0., 0., 0., 0., 0., 0., 0., 0., 0., ...0., 0., 0., 0., 0., 0., 0., 0., 0., 0., 0., 0., 0.,
       0., 0., 0., 0., 0., 0., 0., 0., 0., 0., 0., 0., 0., 0., 0.])
raw_signal = array([ 1.        ,  0.80899853,  0.30889748, ..., -0.80918315,
       -0.80894312,  0.30904687], shape=(10000,))
params = None

    def process_detection(self, freqs, magnitudes, raw_signal=None, params=None):
        """
        Multi-sensor fusion: Spectrum classifier + LPI check + Parametric emitter ID.
        Returns the chosen EW countermeasure strategy.
        """
        # 1. Broad Spectrum Classification (now returns label + confidence)
        features = self.classifier.extract_features(freqs, magnitudes)
        result = self.classifier.predict(features, pulse_params=params)
        # Classifier can return (label, confidence) or just label (backwards compat)
        if isinstance(result, tuple):
            label, confidence = result
        else:
            label, confidence = result, 0.80
    
        # 2. Specialized LPI Check
        lpi_result = {"final_verdict": "CLEAR"}
        if raw_signal is not None:
            lpi_result = self.lpi_detector.detect_all(raw_signal)
    
        # 3. LPI Detection overrides classifier (higher priority)
        if lpi_result["final_verdict"] == "DETECTED":
            strategy  = "SmartJamming_LPI"
            label     = "LPI_Radar"
            threat_name = "LPI Threat Detected"
            confidence  = lpi_result.get("confidence", 0.90)
        elif params and params.get("PRI") and params.get("CenterFreq"):
            # 4. Parametric emitter identification
            threat_name, threat_data = ThreatLibrary.identify_emitter(params)
            strategy = threat_data["countermeasure"]
            label    = threat_data["label"]
        else:
            # 5. Fallback ù use classifier result
            strategy = ThreatLibrary.get_countermeasure(label)
            threat_name = label
    
        # 6. Risk Assessment
        self.risk_score = RISK_SCORES.get(label, 3)
    
        # Log the detection event
        self.threat_log.append({
            "threat": threat_name, "label": label,
            "strategy": strategy, "confidence": confidence,
            "risk": self.risk_score
        })
        if len(self.threat_log) > 50:
            self.threat_log.pop(0)
    
        self.active_strategy = strategy
        risk_str = "\U0001f534 HIGH" if self.risk_score >= 8 else ("\U0001f7e1 MED" if self.risk_score >= 5 else "\U0001f7e2 LOW")
>       print(f"[ADSS] {threat_name} | Label: {label} | Risk: {risk_str} | Conf: {float(confidence):.0%} -> {strategy}")
                                                                                  ^^^^^^^^^^^^^^^^^
E       ValueError: could not convert string to float: '4/4 methods triggered'

src\ai_engine\autonomy_manager.py:76: ValueError
=========================== short test summary info ===========================
FAILED tests/test_aegis.py::TestAutonomyManager::test_lpi_priority_strategy
======================== 1 failed, 27 passed in 3.19s =========================
